SF:lib\models\activity_entry.dart
DA:13,3
DA:22,1
DA:23,4
LF:3
LH:3
end_of_record
SF:lib\models\appointment.dart
DA:12,2
DA:24,2
DA:35,2
DA:36,2
DA:37,2
DA:38,2
DA:39,2
DA:40,2
DA:41,2
DA:42,2
DA:43,1
DA:44,2
DA:48,1
DA:49,4
LF:14
LH:14
end_of_record
SF:lib\models\accessibility_settings.dart
DA:9,1
DA:18,1
DA:26,1
DA:27,0
DA:28,0
DA:29,1
DA:30,1
DA:31,1
DA:32,1
DA:36,2
DA:37,1
DA:38,1
DA:39,1
DA:40,1
DA:41,1
DA:42,1
DA:45,1
DA:46,1
DA:47,1
DA:48,1
DA:49,1
DA:50,1
DA:51,1
DA:52,1
DA:56,2
DA:57,2
DA:58,5
DA:59,6
DA:60,5
DA:61,5
DA:62,5
DA:63,6
DA:64,5
DA:68,1
DA:69,4
LF:35
LH:33
end_of_record
SF:lib\models\caregiver.dart
DA:8,1
DA:16,1
DA:23,1
DA:24,1
DA:25,0
DA:26,1
DA:27,0
DA:28,1
DA:32,1
DA:33,3
LF:10
LH:8
end_of_record
SF:lib\models\reminder_preferences.dart
DA:10,1
DA:20,1
DA:29,1
DA:30,0
DA:31,1
DA:32,1
DA:33,1
DA:34,1
DA:35,1
DA:36,0
DA:40,2
DA:41,1
DA:42,1
DA:43,1
DA:44,1
DA:45,1
DA:46,1
DA:47,1
DA:50,1
DA:51,1
DA:52,1
DA:53,1
DA:54,1
DA:55,1
DA:56,1
DA:57,1
DA:58,1
DA:62,1
DA:63,3
LF:29
LH:27
end_of_record
SF:lib\models\reminder.dart
DA:11,2
DA:22,2
DA:32,2
DA:33,2
DA:34,2
DA:35,2
DA:36,2
DA:37,2
DA:38,2
DA:39,2
DA:40,0
DA:44,1
DA:45,4
LF:13
LH:12
end_of_record
SF:lib\providers\app_state.dart
DA:13,2
DA:14,2
DA:17,2
DA:20,2
DA:23,2
DA:26,4
DA:29,2
DA:35,2
DA:70,2
DA:85,2
DA:89,2
DA:91,1
DA:92,6
DA:93,3
DA:97,0
DA:98,0
DA:99,0
DA:100,0
DA:101,0
DA:102,0
DA:107,0
DA:108,0
DA:109,0
DA:110,0
DA:113,0
DA:114,0
DA:115,0
DA:116,0
DA:119,0
DA:120,0
DA:121,0
DA:122,0
DA:125,1
DA:126,4
DA:127,1
DA:130,1
DA:131,2
DA:132,5
DA:133,1
DA:134,1
DA:137,1
DA:138,2
DA:139,5
DA:140,1
DA:141,1
DA:144,1
DA:145,2
DA:146,5
DA:147,1
DA:148,1
DA:151,1
DA:152,2
DA:153,1
DA:158,2
DA:159,2
DA:160,8
DA:161,2
DA:162,2
DA:163,2
DA:167,2
DA:171,2
DA:175,2
DA:179,2
DA:183,2
LF:64
LH:46
end_of_record
SF:lib\services\preferences_service.dart
DA:11,0
DA:12,0
DA:13,0
DA:16,0
DA:17,0
DA:18,0
DA:21,0
DA:22,0
DA:29,0
DA:30,0
DA:31,0
DA:34,0
DA:35,0
DA:36,0
DA:39,0
DA:40,0
DA:47,0
DA:48,0
DA:49,0
DA:52,0
DA:53,0
DA:54,0
LF:22
LH:0
end_of_record
SF:lib\screens\confirmation_screen.dart
DA:9,1
DA:11,1
DA:13,1
DA:14,2
DA:16,1
DA:18,1
DA:19,1
DA:20,1
DA:21,1
DA:22,1
DA:24,1
DA:25,1
DA:27,1
DA:30,1
DA:33,1
DA:62,1
DA:64,1
DA:66,1
DA:67,1
DA:68,1
DA:69,1
DA:71,1
DA:73,1
DA:93,1
DA:94,0
DA:102,1
DA:105,2
DA:106,1
DA:110,1
DA:112,1
DA:113,1
DA:115,1
DA:117,1
DA:118,1
DA:120,1
DA:122,1
DA:131,1
DA:142,1
DA:160,1
DA:167,1
DA:168,1
DA:174,1
DA:177,1
DA:178,0
DA:179,0
DA:180,0
DA:182,1
DA:185,1
DA:186,1
LF:49
LH:45
end_of_record
SF:lib\theme\app_colors.dart
DA:4,0
LF:1
LH:0
end_of_record
SF:lib\widgets\care_card.dart
DA:12,4
DA:22,4
DA:24,4
DA:25,4
DA:26,4
DA:27,8
DA:28,8
DA:37,4
DA:38,4
DA:41,4
DA:42,3
DA:44,3
DA:45,3
LF:13
LH:13
end_of_record
SF:lib\screens\home_screen.dart
DA:9,1
DA:11,2
DA:12,2
DA:19,2
DA:21,2
DA:22,4
DA:23,0
DA:27,2
DA:29,4
DA:30,2
DA:33,2
DA:37,22
DA:40,2
DA:41,14
DA:42,8
DA:43,6
DA:44,2
DA:47,2
DA:49,2
DA:51,2
DA:52,2
DA:53,2
DA:54,2
DA:55,2
DA:57,2
DA:59,2
DA:60,2
DA:61,2
DA:62,4
DA:64,2
DA:66,2
DA:67,2
DA:69,2
DA:73,0
DA:75,0
DA:76,0
DA:78,0
DA:84,2
DA:86,2
DA:94,2
DA:95,0
DA:96,0
DA:101,2
DA:102,2
DA:109,2
DA:111,2
DA:113,2
DA:115,2
DA:116,2
DA:117,2
DA:130,2
DA:133,2
DA:136,2
DA:138,2
DA:139,2
DA:140,2
DA:141,0
DA:155,2
DA:156,2
DA:159,2
DA:160,4
DA:171,2
DA:172,2
DA:187,2
DA:188,2
DA:190,2
DA:191,2
DA:193,2
DA:197,0
DA:198,2
DA:200,2
DA:201,2
DA:203,2
DA:204,2
DA:206,2
DA:207,2
DA:208,2
DA:242,2
DA:271,2
DA:272,2
DA:274,2
DA:275,2
DA:277,2
DA:285,2
DA:296,2
DA:303,2
DA:305,2
DA:306,2
DA:307,2
DA:309,2
DA:311,2
DA:312,2
DA:314,2
DA:317,2
DA:318,2
DA:320,2
DA:321,2
DA:329,2
DA:347,2
DA:348,2
DA:350,2
DA:351,2
DA:353,2
DA:355,2
DA:357,2
DA:358,2
DA:360,2
DA:361,2
DA:362,2
DA:364,2
DA:372,2
DA:373,2
DA:375,2
DA:376,2
DA:377,2
DA:378,2
DA:383,2
DA:384,2
DA:386,2
DA:388,2
DA:391,2
DA:393,2
DA:396,2
DA:397,2
DA:399,2
DA:410,2
DA:411,2
DA:412,2
DA:413,2
DA:414,2
DA:416,2
DA:418,2
DA:419,2
DA:448,2
DA:449,2
DA:450,2
DA:451,2
DA:454,2
DA:456,2
DA:460,2
LF:140
LH:131
end_of_record
SF:lib\widgets\bottom_nav_bar.dart
DA:8,3
DA:14,3
DA:16,3
DA:31,3
DA:33,3
DA:34,3
DA:35,3
DA:36,3
DA:38,3
DA:39,3
DA:48,3
DA:51,3
DA:52,3
DA:60,3
DA:61,3
DA:63,3
DA:64,3
DA:73,3
DA:77,3
DA:78,3
LF:20
LH:20
end_of_record
SF:lib\screens\success_screen.dart
DA:9,1
DA:15,1
DA:17,1
DA:19,1
DA:20,1
DA:21,1
DA:22,1
DA:23,1
DA:24,1
DA:25,1
DA:26,1
DA:28,1
DA:30,1
DA:31,1
DA:34,1
DA:35,1
DA:37,2
DA:39,3
DA:42,1
DA:43,1
DA:44,1
DA:48,1
DA:52,1
DA:53,1
DA:62,1
DA:63,3
DA:72,1
DA:73,1
DA:74,1
DA:75,1
DA:78,1
DA:81,1
DA:87,2
DA:88,2
DA:89,2
DA:90,1
DA:91,2
DA:94,0
DA:105,1
DA:107,1
DA:109,1
DA:112,2
DA:123,1
DA:131,1
DA:134,1
DA:135,0
DA:136,1
DA:139,1
DA:140,1
DA:143,1
DA:150,1
DA:153,1
DA:154,0
DA:155,1
DA:158,1
DA:159,1
DA:162,1
DA:170,1
DA:171,1
DA:172,1
DA:173,1
DA:181,2
DA:183,1
DA:184,1
DA:192,2
DA:195,1
DA:203,2
DA:219,1
LF:68
LH:65
end_of_record
SF:lib\screens\welcome_screen.dart
DA:6,1
DA:8,1
DA:10,1
DA:12,1
DA:13,1
DA:14,1
DA:15,2
DA:16,1
DA:17,1
DA:18,1
DA:19,1
DA:21,0
DA:22,1
DA:32,1
DA:33,1
DA:38,1
DA:39,1
DA:40,1
DA:43,1
DA:45,1
DA:66,0
DA:67,0
DA:68,0
DA:69,0
DA:70,0
DA:72,0
DA:75,0
DA:96,0
DA:101,0
DA:106,1
DA:107,1
DA:109,1
DA:111,1
DA:113,1
DA:135,1
DA:136,1
DA:142,1
DA:143,1
DA:145,1
DA:147,1
DA:148,1
DA:150,1
DA:151,1
DA:184,1
DA:185,1
DA:186,1
DA:189,1
DA:190,0
DA:191,1
DA:194,1
DA:195,1
DA:204,1
DA:207,1
DA:208,0
DA:209,1
DA:212,1
DA:213,1
LF:57
LH:45
end_of_record
SF:lib\widgets\care_header.dart
DA:10,1
DA:18,0
DA:21,1
DA:23,1
DA:30,1
DA:32,1
DA:34,1
DA:35,1
DA:36,1
DA:37,1
DA:39,1
DA:42,1
DA:44,1
DA:45,1
DA:48,1
DA:49,1
DA:50,1
DA:62,1
DA:63,1
DA:66,1
DA:67,1
DA:68,1
DA:75,1
DA:76,1
DA:77,1
DA:88,1
DA:89,1
DA:92,1
DA:94,1
DA:95,1
DA:98,1
DA:99,1
DA:100,1
LF:33
LH:32
end_of_record
SF:lib\widgets\status_badge.dart
DA:9,1
DA:11,1
DA:13,1
DA:14,1
DA:15,1
DA:16,1
DA:17,1
DA:20,1
DA:21,1
DA:22,1
DA:24,1
DA:26,1
DA:28,1
DA:30,1
DA:31,1
DA:33,1
DA:35,1
LF:17
LH:17
end_of_record
